0 info it worked if it ends with ok
1 verbose cli [ 'C:\\nodejs0.10.0\\node.exe',
1 verbose cli   'C:\\nodejs0.10.0\\node_modules\\npm\\bin\\npm-cli.js',
1 verbose cli   'start' ]
2 info using npm@3.10.10
3 info using node@v6.11.2
4 verbose run-script [ 'prestart', 'start', 'poststart' ]
5 info lifecycle openshift-cartridge-nodejs-template@1.0.1~prestart: openshift-cartridge-nodejs-template@1.0.1
6 silly lifecycle openshift-cartridge-nodejs-template@1.0.1~prestart: no script for prestart, continuing
7 info lifecycle openshift-cartridge-nodejs-template@1.0.1~start: openshift-cartridge-nodejs-template@1.0.1
8 verbose lifecycle openshift-cartridge-nodejs-template@1.0.1~start: unsafe-perm in lifecycle true
9 verbose lifecycle openshift-cartridge-nodejs-template@1.0.1~start: PATH: C:\nodejs0.10.0\node_modules\npm\bin\node-gyp-bin;C:\Michael\reedling2\node_modules\.bin;C:\ProgramData\Oracle\Java\javapath;C:\Program Files\Broadcom\Broadcom 802.11 Network Adapter;C:\WINDOWS\system32;C:\WINDOWS;C:\WINDOWS\System32\Wbem;C:\WINDOWS\System32\WindowsPowerShell\v1.0\;C:\Program Files (x86)\ATI Technologies\ATI.ACE\Core-Static;;C:\Program Files\Calibre2\;C:\Git\cmd;;C:\Program Files (x86)\QuickTime\QTSystem\;C:\nodejs0.10.0\;C:\Ruby200-x64\bin;C:\Users\Michael\AppData\Local\Microsoft\WindowsApps;C:\Program Files\Microsoft VS Code\bin;C:\Users\Michael\AppData\Roaming\npm;C:\Users\Michael\AppData\Local\GitHubDesktop\bin
10 verbose lifecycle openshift-cartridge-nodejs-template@1.0.1~start: CWD: C:\Michael\reedling2
11 silly lifecycle openshift-cartridge-nodejs-template@1.0.1~start: Args: [ '/d /s /c', 'node start.js' ]
12 silly lifecycle openshift-cartridge-nodejs-template@1.0.1~start: Returned: code: 1  signal: null
13 info lifecycle openshift-cartridge-nodejs-template@1.0.1~start: Failed to exec start script
14 verbose stack Error: openshift-cartridge-nodejs-template@1.0.1 start: `node start.js`
14 verbose stack Exit status 1
14 verbose stack     at EventEmitter.<anonymous> (C:\nodejs0.10.0\node_modules\npm\lib\utils\lifecycle.js:255:16)
14 verbose stack     at emitTwo (events.js:106:13)
14 verbose stack     at EventEmitter.emit (events.js:191:7)
14 verbose stack     at ChildProcess.<anonymous> (C:\nodejs0.10.0\node_modules\npm\lib\utils\spawn.js:40:14)
14 verbose stack     at emitTwo (events.js:106:13)
14 verbose stack     at ChildProcess.emit (events.js:191:7)
14 verbose stack     at maybeClose (internal/child_process.js:891:16)
14 verbose stack     at Process.ChildProcess._handle.onexit (internal/child_process.js:226:5)
15 verbose pkgid openshift-cartridge-nodejs-template@1.0.1
16 verbose cwd C:\Michael\reedling2
17 error Windows_NT 10.0.14393
18 error argv "C:\\nodejs0.10.0\\node.exe" "C:\\nodejs0.10.0\\node_modules\\npm\\bin\\npm-cli.js" "start"
19 error node v6.11.2
20 error npm  v3.10.10
21 error code ELIFECYCLE
22 error openshift-cartridge-nodejs-template@1.0.1 start: `node start.js`
22 error Exit status 1
23 error Failed at the openshift-cartridge-nodejs-template@1.0.1 start script 'node start.js'.
23 error Make sure you have the latest version of node.js and npm installed.
23 error If you do, this is most likely a problem with the openshift-cartridge-nodejs-template package,
23 error not with npm itself.
23 error Tell the author that this fails on your system:
23 error     node start.js
23 error You can get information on how to open an issue for this project with:
23 error     npm bugs openshift-cartridge-nodejs-template
23 error Or if that isn't available, you can get their info via:
23 error     npm owner ls openshift-cartridge-nodejs-template
23 error There is likely additional logging output above.
24 verbose exit [ 1, true ]
